<?xml version="1.0" encoding="UTF-8"?>
<!-- Generated by org.testng.reporters.JUnitReportReporter -->
<testsuite skipped="0" hostname="NT0010" name="api_WebServices.Get_Request01" tests="1" failures="0" timestamp="10 Mar 2021 13:30:38 GMT" time="2.234" errors="0">
  <testcase name="test_01" time="2.234" classname="api_WebServices.Get_Request01"/>
</testsuite> <!-- api_WebServices.Get_Request01 -->
