<?xml version="1.0" encoding="UTF-8"?>
<!-- Generated by org.testng.reporters.JUnitReportReporter -->
<testsuite skipped="0" hostname="NT0010" name="com.training.testcases.LoginTests" tests="1" failures="0" timestamp="04 Mar 2021 18:08:30 GMT" time="13.088" errors="0">
  <testcase name="amazon1" time="13.088" classname="com.training.testcases.LoginTests"/>
</testsuite> <!-- com.training.testcases.LoginTests -->
