<?xml version="1.0" encoding="UTF-8"?>
<!-- Generated by org.testng.reporters.JUnitReportReporter -->
<testsuite hostname="CS-RAFILAP" failures="0" tests="1" name="api_WebServices.Get_Request" time="4.317" errors="0" timestamp="09 Mar 2021 17:49:55 GMT" skipped="0">
  <testcase classname="api_WebServices.Get_Request" name="getRequest_StatusCode" time="4.317"/>
</testsuite> <!-- api_WebServices.Get_Request -->
