<?xml version="1.0" encoding="UTF-8"?>
<!-- Generated by org.testng.reporters.JUnitReportReporter -->
<testsuite hostname="CS-RAFILAP" failures="0" tests="1" name="api_WebServices.Get_Request01" time="2.122" errors="0" timestamp="09 Mar 2021 17:49:14 GMT" skipped="0">
  <testcase classname="api_WebServices.Get_Request01" name="test_01" time="2.122"/>
</testsuite> <!-- api_WebServices.Get_Request01 -->
